#-----------------------------------------------------------
# PlanAhead v14.7 (64-bit)
# Build 321239 by xbuild on Fri Sep 27 19:29:51 MDT 2013
# Start of session at: Wed Mar 23 13:36:54 2016
# Process ID: 5976
# Log file: C:/Users/TM/Desktop/FPGA/FPGA_Arduino_Shield-master/FPGA_Arduino_Shield-master/Examples/LinkTest/planAhead_run_1/planAhead.log
# Journal file: C:/Users/TM/Desktop/FPGA/FPGA_Arduino_Shield-master/FPGA_Arduino_Shield-master/Examples/LinkTest/planAhead_run_1/planAhead.jou
#-----------------------------------------------------------
INFO: [Common 17-78] Attempting to get a license: PlanAhead
INFO: [Common 17-290] Got license for PlanAhead
INFO: [Device 21-36] Loading parts and site information from C:/Xilinx/14.7/ISE_DS/PlanAhead/data/parts/arch.xml
Parsing RTL primitives file [C:/Xilinx/14.7/ISE_DS/PlanAhead/data/parts/xilinx/rtl/prims/rtl_prims.xml]
Finished parsing RTL primitives file [C:/Xilinx/14.7/ISE_DS/PlanAhead/data/parts/xilinx/rtl/prims/rtl_prims.xml]
start_gui
source C:/Users/TM/Desktop/FPGA/FPGA_Arduino_Shield-master/FPGA_Arduino_Shield-master/Examples/LinkTest/pa.fromNetlist.tcl
# create_project -name LinkTest -dir "C:/Users/TM/Desktop/FPGA/FPGA_Arduino_Shield-master/FPGA_Arduino_Shield-master/Examples/LinkTest/planAhead_run_1" -part xc6slx9tqg144-3
# set_property design_mode GateLvl [get_property srcset [current_run -impl]]
# set_property edif_top_file "C:/Users/TM/Desktop/FPGA/FPGA_Arduino_Shield-master/FPGA_Arduino_Shield-master/Examples/LinkTest/LinkTest.ngc" [ get_property srcset [ current_run ] ]
# add_files -norecurse { {C:/Users/TM/Desktop/FPGA/FPGA_Arduino_Shield-master/FPGA_Arduino_Shield-master/Examples/LinkTest} }
# set_param project.pinAheadLayout  yes
# set_property target_constrs_file "LinkTest.ucf" [current_fileset -constrset]
Adding file 'C:/Users/TM/Desktop/FPGA/FPGA_Arduino_Shield-master/FPGA_Arduino_Shield-master/Examples/LinkTest/LinkTest.ucf' to fileset 'constrs_1'
# add_files [list {LinkTest.ucf}] -fileset [get_property constrset [current_run]]
# link_design
Design is defaulting to srcset: sources_1
Design is defaulting to constrset: constrs_1
Design is defaulting to project part: xc6slx9tqg144-3
Release 14.7 - ngc2edif P.20131013 (nt64)
Copyright (c) 1995-2013 Xilinx, Inc.  All rights reserved.
Reading design LinkTest.ngc ...
WARNING:NetListWriters:298 - No output is written to LinkTest.xncf, ignored.
Processing design ...
   Preping design's networks ...
   Preping design's macros ...
  finished :Prep
Writing EDIF netlist file LinkTest.edif ...
ngc2edif: Total memory usage is 81440 kilobytes

Parsing EDIF File [./planAhead_run_1/LinkTest.data/cache/LinkTest_ngc_zx.edif]
Finished Parsing EDIF File [./planAhead_run_1/LinkTest.data/cache/LinkTest_ngc_zx.edif]
INFO: [Netlist 29-17] Analyzing 1 Unisim elements for replacement
INFO: [Netlist 29-28] Unisim Transformation completed in 0 CPU seconds
Loading clock regions from C:/Xilinx/14.7/ISE_DS/PlanAhead/data\parts/xilinx/spartan6/spartan6lx/xc6slx9/ClockRegion.xml
Loading clock buffers from C:/Xilinx/14.7/ISE_DS/PlanAhead/data\parts/xilinx/spartan6/spartan6lx/xc6slx9/ClockBuffers.xml
Loading package pin functions from C:/Xilinx/14.7/ISE_DS/PlanAhead/data\parts/xilinx/spartan6/PinFunctions.xml...
Loading package from C:/Xilinx/14.7/ISE_DS/PlanAhead/data\parts/xilinx/spartan6/spartan6lx/xc6slx9/tqg144/Package.xml
Loading io standards from C:/Xilinx/14.7/ISE_DS/PlanAhead/data\./parts/xilinx/spartan6/IOStandards.xml
Loading device configuration modes from C:/Xilinx/14.7/ISE_DS/PlanAhead/data\parts/xilinx/spartan6/ConfigModes.xml
Loading list of drcs for the architecture : C:/Xilinx/14.7/ISE_DS/PlanAhead/data\./parts/xilinx/spartan6/drc.xml
Parsing UCF File [C:/Users/TM/Desktop/FPGA/FPGA_Arduino_Shield-master/FPGA_Arduino_Shield-master/Examples/LinkTest/LinkTest.ucf]
Finished Parsing UCF File [C:/Users/TM/Desktop/FPGA/FPGA_Arduino_Shield-master/FPGA_Arduino_Shield-master/Examples/LinkTest/LinkTest.ucf]
INFO: [Project 1-111] Unisim Transformation Summary:
  A total of 1 instances were transformed.
  BUFGP => BUFGP (IBUF, BUFG): 1 instances

Phase 0 | Netlist Checksum: ec4f604d
link_design: Time (s): elapsed = 00:00:17 . Memory (MB): peak = 649.316 ; gain = 157.973
set_property package_pin "" [get_ports [list  MOSI]]
startgroup
set_property package_pin P2 [get_ports MOSI]
endgroup
startgroup
set_property package_pin P6 [get_ports SCLK]
endgroup
startgroup
set_property package_pin P10 [get_ports MISO]
endgroup
set_property package_pin "" [get_ports [list  clk]]
startgroup
set_property package_pin P56 [get_ports clk]
endgroup
startgroup
set_property package_pin P118 [get_ports MOSI]
endgroup
startgroup
set_property package_pin P123 [get_ports SCLK]
endgroup
save_constraints
exit
ERROR: [PlanAhead 12-106] *** Exception: ui.h.b: Found deleted key in HTclEventBroker. Verify if the classes listed here call cleanup()
HTclEvent: DEBUG_PORT_CONFIG_CHANGE   Classes: ui.views.aR 
HTclEvent: SIGNAL_BUS_MODIFY   Classes: ui.views.aR 
HTclEvent: DEBUG_CORE_CONFIG_CHANGE   Classes: ui.views.aR 
HTclEvent: SIGNAL_MODIFY   Classes: ui.views.aR 
 (See C:/Users/TM/Desktop/FPGA/FPGA_Arduino_Shield-master/FPGA_Arduino_Shield-master/Examples/LinkTest\planAhead_pid5976.debug)
ERROR: [Common 17-39] 'stop_gui' failed due to earlier errors.
INFO: [Common 17-206] Exiting PlanAhead at Wed Mar 23 13:44:27 2016...
INFO: [Common 17-83] Releasing license: PlanAhead
