Release 14.7 - ngc2edif P.20131013 (nt64)
Copyright (c) 1995-2013 Xilinx, Inc.  All rights reserved.
Reading design total_link_cs.ngc ...
Processing design ...
   Preping design's networks ...
   Preping design's macros ...
WARNING:NetListWriters:306 - Signal bus
   U0/I_NO_D.U_ILA/U_RST/U_HALT_XFER/iDOUT_dly<2 : 0> on block ila_pro_0 is not
   reconstructed, because there are some missing bus signals.
WARNING:NetListWriters:306 - Signal bus
   U0/I_NO_D.U_ILA/U_RST/U_ARM_XFER/iDOUT_dly<4 : 0> on block ila_pro_0 is not
   reconstructed, because there are some missing bus signals.
WARNING:NetListWriters:306 - Signal bus U0/U_ICON/iCORE_ID_SEL<15 : 0> on block
   icon_pro is not reconstructed, because there are some missing bus signals.
WARNING:NetListWriters:306 - Signal bus wireless/Data_to_master<10 : 0> on block
   total_link is not reconstructed, because there are some missing bus signals.
WARNING:NetListWriters:306 - Signal bus
   wireless/Sended_count[7]_GND_25_o_add_80_OUT<7 : 2> on block total_link is
   not reconstructed, because there are some missing bus signals.
WARNING:NetListWriters:306 - Signal bus
   wireless/spi_cmd_data[127]_GND_25_o_mux_9_OUT<5 : 0> on block total_link is
   not reconstructed, because there are some missing bus signals.
WARNING:NetListWriters:306 - Signal bus
   wireless/Spi_Current_State[5]_Data_to_master[15]_wide_mux_102_OUT<7 : 0> on
   block total_link is not reconstructed, because there are some missing bus
   signals.
WARNING:NetListWriters:306 - Signal bus
   wireless/spi_cmd_data[127]_Spi_Current_State[5]_mux_126_OUT<55 : 0> on block
   total_link is not reconstructed, because there are some missing bus signals.
WARNING:NetListWriters:306 - Signal bus
   wireless/spi_return_len[4]_GND_25_o_mux_8_OUT<3 : 0> on block total_link is
   not reconstructed, because there are some missing bus signals.
WARNING:NetListWriters:306 - Signal bus wireless/spi_return_len<3 : 0> on block
   total_link is not reconstructed, because there are some missing bus signals.
WARNING:NetListWriters:306 - Signal bus wireless/spi_cmd_data<55 : 0> on block
   total_link is not reconstructed, because there are some missing bus signals.
  finished :Prep
Writing EDIF netlist file total_link_cs.edif ...
ngc2edif: Total memory usage is 84512 kilobytes

Release 14.7 - ngc2edif P.20131013 (nt64)
Copyright (c) 1995-2013 Xilinx, Inc.  All rights reserved.
Reading design total_link.ngc ...
WARNING:NetListWriters:298 - No output is written to total_link.xncf, ignored.
Processing design ...
   Preping design's networks ...
   Preping design's macros ...
WARNING:NetListWriters:306 - Signal bus wireless/Data_to_master[10 : 0] on block
   total_link is not reconstructed, because there are some missing bus signals.
WARNING:NetListWriters:306 - Signal bus
   sram/fifo_o_rd_ptr[17]_GND_2_o_mux_18_OUT[12 : 0] on block total_link is not
   reconstructed, because there are some missing bus signals.
WARNING:NetListWriters:306 - Signal bus
   sram/fifo_o_wr_ptr[17]_GND_2_o_mux_22_OUT[12 : 0] on block total_link is not
   reconstructed, because there are some missing bus signals.
WARNING:NetListWriters:306 - Signal bus sram/fifo_o_rd_ptr[12 : 0] on block
   total_link is not reconstructed, because there are some missing bus signals.
WARNING:NetListWriters:306 - Signal bus sram/fifo_o_wr_ptr[12 : 0] on block
   total_link is not reconstructed, because there are some missing bus signals.
WARNING:NetListWriters:306 - Signal bus wireless/_n2327[7 : 0] on block
   total_link is not reconstructed, because there are some missing bus signals.
WARNING:NetListWriters:306 - Signal bus
   wireless/Spi_Current_State[5]_GND_25_o_wide_mux_107_OUT[10 : 1] on block
   total_link is not reconstructed, because there are some missing bus signals.
WARNING:NetListWriters:306 - Signal bus
   wireless/spi_cmd_data[127]_Spi_Current_State[5]_mux_141_OUT[127 : 0] on block
   total_link is not reconstructed, because there are some missing bus signals.
WARNING:NetListWriters:306 - Signal bus wireless/_n2185[31 : 0] on block
   total_link is not reconstructed, because there are some missing bus signals.
WARNING:NetListWriters:306 - Signal bus
   wireless/spi_cmd_data[127]_GND_25_o_mux_20_OUT[118 : 0] on block total_link
   is not reconstructed, because there are some missing bus signals.
WARNING:NetListWriters:306 - Signal bus
   wireless/spi_return_len[4]_GND_25_o_mux_19_OUT[3 : 0] on block total_link is
   not reconstructed, because there are some missing bus signals.
WARNING:NetListWriters:306 - Signal bus
   wireless/Main_Current_State[7]_Main_Cmd_Data[127]_wide_mux_261_OUT[63 : 0] on
   block total_link is not reconstructed, because there are some missing bus
   signals.
WARNING:NetListWriters:306 - Signal bus
   wireless/Sended_count[7]_GND_25_o_add_88_OUT[5 : 2] on block total_link is
   not reconstructed, because there are some missing bus signals.
WARNING:NetListWriters:306 - Signal bus
   wireless/Main_Current_State[7]_Main_Return_len[4]_wide_mux_263_OUT[3 : 0] on
   block total_link is not reconstructed, because there are some missing bus
   signals.
WARNING:NetListWriters:306 - Signal bus wireless/Main_Return_len[3 : 0] on block
   total_link is not reconstructed, because there are some missing bus signals.
WARNING:NetListWriters:306 - Signal bus wireless/Main_Data_Check[31 : 0] on
   block total_link is not reconstructed, because there are some missing bus
   signals.
WARNING:NetListWriters:306 - Signal bus wireless/Int_Cmd_Data[30 : 4] on block
   total_link is not reconstructed, because there are some missing bus signals.
WARNING:NetListWriters:306 - Signal bus wireless/spi_cmd_data[127 : 0] on block
   total_link is not reconstructed, because there are some missing bus signals.
WARNING:NetListWriters:306 - Signal bus wireless/spi_return_len[3 : 0] on block
   total_link is not reconstructed, because there are some missing bus signals.
WARNING:NetListWriters:306 - Signal bus
   wireless/Main_Current_State_Main_Current_State[7]_Main_Cmd_Data[127]_wide_mux
   _261_OUT[35 : 13] on block total_link is not reconstructed, because there are
   some missing bus signals.
  finished :Prep
Writing EDIF netlist file total_link.edif ...
ngc2edif: Total memory usage is 86432 kilobytes

Release 14.7 - ngc2edif P.20131013 (nt64)
Copyright (c) 1995-2013 Xilinx, Inc.  All rights reserved.
Reading design total_link.ngc ...
WARNING:NetListWriters:298 - No output is written to total_link.xncf, ignored.
Processing design ...
   Preping design's networks ...
   Preping design's macros ...
WARNING:NetListWriters:306 - Signal bus wireless/Data_to_master[10 : 0] on block
   total_link is not reconstructed, because there are some missing bus signals.
WARNING:NetListWriters:306 - Signal bus
   sram/fifo_o_rd_ptr[17]_GND_2_o_mux_18_OUT[12 : 0] on block total_link is not
   reconstructed, because there are some missing bus signals.
WARNING:NetListWriters:306 - Signal bus
   sram/fifo_o_wr_ptr[17]_GND_2_o_mux_22_OUT[12 : 0] on block total_link is not
   reconstructed, because there are some missing bus signals.
WARNING:NetListWriters:306 - Signal bus sram/fifo_o_rd_ptr[12 : 0] on block
   total_link is not reconstructed, because there are some missing bus signals.
WARNING:NetListWriters:306 - Signal bus sram/fifo_o_wr_ptr[12 : 0] on block
   total_link is not reconstructed, because there are some missing bus signals.
WARNING:NetListWriters:306 - Signal bus wireless/_n2327[7 : 0] on block
   total_link is not reconstructed, because there are some missing bus signals.
WARNING:NetListWriters:306 - Signal bus
   wireless/Spi_Current_State[5]_GND_25_o_wide_mux_107_OUT[10 : 1] on block
   total_link is not reconstructed, because there are some missing bus signals.
WARNING:NetListWriters:306 - Signal bus
   wireless/spi_cmd_data[127]_Spi_Current_State[5]_mux_141_OUT[127 : 0] on block
   total_link is not reconstructed, because there are some missing bus signals.
WARNING:NetListWriters:306 - Signal bus wireless/_n2185[31 : 0] on block
   total_link is not reconstructed, because there are some missing bus signals.
WARNING:NetListWriters:306 - Signal bus
   wireless/spi_cmd_data[127]_GND_25_o_mux_20_OUT[118 : 0] on block total_link
   is not reconstructed, because there are some missing bus signals.
WARNING:NetListWriters:306 - Signal bus
   wireless/spi_return_len[4]_GND_25_o_mux_19_OUT[3 : 0] on block total_link is
   not reconstructed, because there are some missing bus signals.
WARNING:NetListWriters:306 - Signal bus
   wireless/Main_Current_State[7]_Main_Cmd_Data[127]_wide_mux_261_OUT[63 : 0] on
   block total_link is not reconstructed, because there are some missing bus
   signals.
WARNING:NetListWriters:306 - Signal bus
   wireless/Sended_count[7]_GND_25_o_add_88_OUT[5 : 2] on block total_link is
   not reconstructed, because there are some missing bus signals.
WARNING:NetListWriters:306 - Signal bus
   wireless/Main_Current_State[7]_Main_Return_len[4]_wide_mux_263_OUT[3 : 0] on
   block total_link is not reconstructed, because there are some missing bus
   signals.
WARNING:NetListWriters:306 - Signal bus wireless/Main_Return_len[3 : 0] on block
   total_link is not reconstructed, because there are some missing bus signals.
WARNING:NetListWriters:306 - Signal bus wireless/Main_Data_Check[31 : 0] on
   block total_link is not reconstructed, because there are some missing bus
   signals.
WARNING:NetListWriters:306 - Signal bus wireless/Int_Cmd_Data[30 : 4] on block
   total_link is not reconstructed, because there are some missing bus signals.
WARNING:NetListWriters:306 - Signal bus wireless/spi_cmd_data[127 : 0] on block
   total_link is not reconstructed, because there are some missing bus signals.
WARNING:NetListWriters:306 - Signal bus wireless/spi_return_len[3 : 0] on block
   total_link is not reconstructed, because there are some missing bus signals.
WARNING:NetListWriters:306 - Signal bus
   wireless/Main_Current_State_Main_Current_State[7]_Main_Cmd_Data[127]_wide_mux
   _261_OUT[35 : 13] on block total_link is not reconstructed, because there are
   some missing bus signals.
  finished :Prep
Writing EDIF netlist file total_link.edif ...
ngc2edif: Total memory usage is 85920 kilobytes

Release 14.7 - ngc2edif P.20131013 (nt64)
Copyright (c) 1995-2013 Xilinx, Inc.  All rights reserved.
Reading design total_link.ngc ...
WARNING:NetListWriters:298 - No output is written to total_link.xncf, ignored.
Processing design ...
   Preping design's networks ...
   Preping design's macros ...
WARNING:NetListWriters:306 - Signal bus wireless/Data_to_master[10 : 0] on block
   total_link is not reconstructed, because there are some missing bus signals.
WARNING:NetListWriters:306 - Signal bus
   sram/fifo_o_rd_ptr[17]_GND_2_o_mux_18_OUT[12 : 0] on block total_link is not
   reconstructed, because there are some missing bus signals.
WARNING:NetListWriters:306 - Signal bus
   sram/fifo_o_wr_ptr[17]_GND_2_o_mux_22_OUT[12 : 0] on block total_link is not
   reconstructed, because there are some missing bus signals.
WARNING:NetListWriters:306 - Signal bus sram/fifo_o_rd_ptr[12 : 0] on block
   total_link is not reconstructed, because there are some missing bus signals.
WARNING:NetListWriters:306 - Signal bus sram/fifo_o_wr_ptr[12 : 0] on block
   total_link is not reconstructed, because there are some missing bus signals.
WARNING:NetListWriters:306 - Signal bus wireless/_n2327[7 : 0] on block
   total_link is not reconstructed, because there are some missing bus signals.
WARNING:NetListWriters:306 - Signal bus
   wireless/Spi_Current_State[5]_GND_25_o_wide_mux_107_OUT[10 : 1] on block
   total_link is not reconstructed, because there are some missing bus signals.
WARNING:NetListWriters:306 - Signal bus
   wireless/spi_cmd_data[127]_Spi_Current_State[5]_mux_141_OUT[127 : 0] on block
   total_link is not reconstructed, because there are some missing bus signals.
WARNING:NetListWriters:306 - Signal bus wireless/_n2185[31 : 0] on block
   total_link is not reconstructed, because there are some missing bus signals.
WARNING:NetListWriters:306 - Signal bus
   wireless/spi_cmd_data[127]_GND_25_o_mux_20_OUT[118 : 0] on block total_link
   is not reconstructed, because there are some missing bus signals.
WARNING:NetListWriters:306 - Signal bus
   wireless/spi_return_len[4]_GND_25_o_mux_19_OUT[3 : 0] on block total_link is
   not reconstructed, because there are some missing bus signals.
WARNING:NetListWriters:306 - Signal bus
   wireless/Main_Current_State[7]_Main_Cmd_Data[127]_wide_mux_261_OUT[63 : 0] on
   block total_link is not reconstructed, because there are some missing bus
   signals.
WARNING:NetListWriters:306 - Signal bus
   wireless/Sended_count[7]_GND_25_o_add_88_OUT[5 : 2] on block total_link is
   not reconstructed, because there are some missing bus signals.
WARNING:NetListWriters:306 - Signal bus
   wireless/Main_Current_State[7]_Main_Return_len[4]_wide_mux_263_OUT[3 : 0] on
   block total_link is not reconstructed, because there are some missing bus
   signals.
WARNING:NetListWriters:306 - Signal bus wireless/Main_Return_len[3 : 0] on block
   total_link is not reconstructed, because there are some missing bus signals.
WARNING:NetListWriters:306 - Signal bus wireless/Main_Data_Check[31 : 0] on
   block total_link is not reconstructed, because there are some missing bus
   signals.
WARNING:NetListWriters:306 - Signal bus wireless/Int_Cmd_Data[30 : 4] on block
   total_link is not reconstructed, because there are some missing bus signals.
WARNING:NetListWriters:306 - Signal bus wireless/spi_cmd_data[127 : 0] on block
   total_link is not reconstructed, because there are some missing bus signals.
WARNING:NetListWriters:306 - Signal bus wireless/spi_return_len[3 : 0] on block
   total_link is not reconstructed, because there are some missing bus signals.
WARNING:NetListWriters:306 - Signal bus
   wireless/Main_Current_State_Main_Current_State[7]_Main_Cmd_Data[127]_wide_mux
   _261_OUT[35 : 13] on block total_link is not reconstructed, because there are
   some missing bus signals.
  finished :Prep
Writing EDIF netlist file total_link.edif ...
ngc2edif: Total memory usage is 86432 kilobytes

Release 14.7 - ngc2edif P.20131013 (nt64)
Copyright (c) 1995-2013 Xilinx, Inc.  All rights reserved.
Reading design total_link.ngc ...
WARNING:NetListWriters:298 - No output is written to total_link.xncf, ignored.
Processing design ...
   Preping design's networks ...
   Preping design's macros ...
WARNING:NetListWriters:306 - Signal bus wireless/Data_to_master[10 : 0] on block
   total_link is not reconstructed, because there are some missing bus signals.
WARNING:NetListWriters:306 - Signal bus
   sram/fifo_o_rd_ptr[17]_GND_2_o_mux_18_OUT[12 : 0] on block total_link is not
   reconstructed, because there are some missing bus signals.
WARNING:NetListWriters:306 - Signal bus
   sram/fifo_o_wr_ptr[17]_GND_2_o_mux_22_OUT[12 : 0] on block total_link is not
   reconstructed, because there are some missing bus signals.
WARNING:NetListWriters:306 - Signal bus sram/fifo_o_rd_ptr[12 : 0] on block
   total_link is not reconstructed, because there are some missing bus signals.
WARNING:NetListWriters:306 - Signal bus sram/fifo_o_wr_ptr[12 : 0] on block
   total_link is not reconstructed, because there are some missing bus signals.
WARNING:NetListWriters:306 - Signal bus
   wireless/Spi_Current_State[5]_GND_25_o_wide_mux_105_OUT[7 : 0] on block
   total_link is not reconstructed, because there are some missing bus signals.
WARNING:NetListWriters:306 - Signal bus
   wireless/spi_cmd_data[127]_Spi_Current_State[5]_mux_139_OUT[127 : 0] on block
   total_link is not reconstructed, because there are some missing bus signals.
WARNING:NetListWriters:306 - Signal bus wireless/_n2764[31 : 0] on block
   total_link is not reconstructed, because there are some missing bus signals.
WARNING:NetListWriters:306 - Signal bus
   wireless/Main_Current_State[7]_Main_Cmd_Data[127]_wide_mux_261_OUT[63 : 0] on
   block total_link is not reconstructed, because there are some missing bus
   signals.
WARNING:NetListWriters:306 - Signal bus wireless/Int_Data_len[2 : 0] on block
   total_link is not reconstructed, because there are some missing bus signals.
WARNING:NetListWriters:306 - Signal bus wireless/Int_Return_Data[12 : 0] on
   block total_link is not reconstructed, because there are some missing bus
   signals.
WARNING:NetListWriters:306 - Signal bus wireless/Main_Data_Check[31 : 0] on
   block total_link is not reconstructed, because there are some missing bus
   signals.
WARNING:NetListWriters:306 - Signal bus wireless/spi_cmd_data[127 : 0] on block
   total_link is not reconstructed, because there are some missing bus signals.
WARNING:NetListWriters:306 - Signal bus
   wireless/Main_Current_State_Main_Current_State[7]_Main_Cmd_Data[127]_wide_mux
   _261_OUT[41 : 12] on block total_link is not reconstructed, because there are
   some missing bus signals.
WARNING:NetListWriters:306 - Signal bus
   wireless/Main_Current_State_Main_Current_State[7]_Main_Data_len[7]_wide_mux_2
   62_OUT[4 : 1] on block total_link is not reconstructed, because there are
   some missing bus signals.
  finished :Prep
Writing EDIF netlist file total_link.edif ...
ngc2edif: Total memory usage is 86368 kilobytes

